{
  "RSpec": {
    "coverage": {
      "/Users/devlin/Desktop/turing_work/2mod/little_shop/config/environment.rb": {
        "lines": [
          null,
          1,
          null,
          null,
          1
        ]
      },
      "/Users/devlin/Desktop/turing_work/2mod/little_shop/config/application.rb": {
        "lines": [
          1,
          null,
          1,
          null,
          1,
          1,
          1,
          1,
          1,
          1,
          1,
          1,
          1,
          1,
          null,
          null,
          null,
          null,
          1,
          null,
          1,
          1,
          null,
          1,
          null,
          null,
          null,
          null,
          1,
          null,
          null,
          null,
          null,
          null,
          null,
          null,
          null,
          null,
          null,
          null,
          null,
          1,
          null,
          null
        ]
      },
      "/Users/devlin/Desktop/turing_work/2mod/little_shop/config/boot.rb": {
        "lines": [
          1,
          null,
          1,
          1
        ]
      },
      "/Users/devlin/Desktop/turing_work/2mod/little_shop/config/environments/test.rb": {
        "lines": [
          1,
          null,
          null,
          null,
          null,
          null,
          null,
          1,
          null,
          null,
          null,
          1,
          null,
          null,
          null,
          null,
          null,
          1,
          null,
          null,
          1,
          null,
          null,
          1,
          1,
          1,
          null,
          null,
          1,
          null,
          null,
          1,
          null,
          null,
          1,
          null,
          null,
          null,
          1,
          null,
          null,
          null,
          null,
          1,
          null,
          null,
          null,
          1,
          null,
          null,
          1,
          null,
          null,
          1,
          null,
          null,
          1,
          null,
          null,
          null,
          null,
          null,
          null,
          null,
          null,
          1,
          null
        ]
      },
      "/Users/devlin/Desktop/turing_work/2mod/little_shop/config/initializers/cors.rb": {
        "lines": [
          null,
          null,
          null,
          null,
          null,
          null,
          null,
          1,
          1,
          1,
          null,
          1,
          null,
          null,
          null,
          null
        ]
      },
      "/Users/devlin/Desktop/turing_work/2mod/little_shop/config/initializers/filter_parameter_logging.rb": {
        "lines": [
          null,
          null,
          null,
          null,
          null,
          1,
          null,
          null
        ]
      },
      "/Users/devlin/Desktop/turing_work/2mod/little_shop/config/initializers/inflections.rb": {
        "lines": [
          null,
          null,
          null,
          null,
          null,
          null,
          null,
          null,
          null,
          null,
          null,
          null,
          null,
          null,
          null,
          null
        ]
      },
      "/Users/devlin/Desktop/turing_work/2mod/little_shop/spec/factories/invoices.rb": {
        "lines": [
          1,
          1,
          2,
          null,
          null
        ]
      },
      "/Users/devlin/Desktop/turing_work/2mod/little_shop/spec/factories/transactions.rb": {
        "lines": [
          1,
          null,
          1,
          1,
          2,
          2,
          1,
          null,
          null
        ]
      },
      "/Users/devlin/Desktop/turing_work/2mod/little_shop/config/routes.rb": {
        "lines": [
          1,
          null,
          null,
          null,
          null,
          1,
          null,
          null,
          null,
          null,
          null,
          1,
          1,
          1,
          1,
          1,
          1,
          null,
          null,
          1,
          null,
          null,
          1,
          1,
          1,
          1,
          1,
          1,
          null,
          null,
          1,
          null,
          null,
          1,
          1,
          null
        ]
      },
      "/Users/devlin/Desktop/turing_work/2mod/little_shop/app/models/customer.rb": {
        "lines": [
          1,
          1,
          1,
          null,
          1,
          2,
          null,
          null
        ]
      },
      "/Users/devlin/Desktop/turing_work/2mod/little_shop/app/models/application_record.rb": {
        "lines": [
          1,
          1,
          null
        ]
      },
      "/Users/devlin/Desktop/turing_work/2mod/little_shop/spec/models/invoice_spec.rb": {
        "lines": [
          1,
          null,
          1,
          1,
          2,
          2,
          null,
          null,
          1,
          2,
          null,
          null
        ]
      },
      "/Users/devlin/Desktop/turing_work/2mod/little_shop/app/models/invoice.rb": {
        "lines": [
          1,
          1,
          1,
          1,
          1,
          null,
          1,
          null
        ]
      },
      "/Users/devlin/Desktop/turing_work/2mod/little_shop/spec/models/item_spec.rb": {
        "lines": [
          1,
          null,
          1,
          1,
          2,
          null,
          null,
          1,
          2,
          2,
          2,
          null,
          null,
          1,
          1,
          7,
          null,
          7,
          7,
          7,
          7,
          null,
          null,
          1,
          1,
          1,
          null,
          null,
          1,
          1,
          1,
          null,
          null,
          1,
          1,
          1,
          1,
          null,
          null,
          1,
          1,
          null,
          1,
          1,
          1,
          1,
          null,
          null,
          1,
          1,
          null,
          1,
          1,
          1,
          null,
          null,
          1,
          1,
          null,
          1,
          1,
          1,
          null,
          1,
          1,
          null,
          1,
          1,
          1,
          1,
          null,
          null,
          null
        ]
      },
      "/Users/devlin/Desktop/turing_work/2mod/little_shop/app/models/item.rb": {
        "lines": [
          1,
          1,
          1,
          1,
          null,
          1,
          null,
          1,
          2,
          null,
          null,
          1,
          4,
          4,
          4,
          null,
          4,
          1,
          3,
          1,
          2,
          1,
          null,
          1,
          null,
          null,
          null
        ]
      },
      "/Users/devlin/Desktop/turing_work/2mod/little_shop/spec/models/merchant_spec.rb": {
        "lines": [
          1,
          null,
          1,
          1,
          2,
          null,
          null,
          1,
          2,
          null,
          null,
          1,
          1,
          8,
          8,
          8,
          null,
          8,
          8,
          8,
          null,
          null,
          1,
          1,
          null,
          1,
          1,
          null,
          null,
          1,
          1,
          null,
          1,
          1,
          1,
          null,
          null,
          1,
          1,
          null,
          1,
          null,
          1,
          1,
          1,
          null,
          null,
          1,
          1,
          1,
          1,
          null,
          null,
          1,
          null,
          1,
          null,
          1,
          1,
          1,
          null,
          1,
          1,
          1,
          1,
          null,
          1,
          null,
          1,
          1,
          null,
          null,
          1,
          1,
          1,
          1,
          null,
          null,
          1,
          1,
          1,
          null,
          null,
          1,
          1,
          1,
          1,
          null,
          1,
          1,
          null,
          null,
          null,
          1,
          1,
          1,
          1,
          null,
          1,
          null,
          null,
          null
        ]
      },
      "/Users/devlin/Desktop/turing_work/2mod/little_shop/app/models/merchant.rb": {
        "lines": [
          1,
          1,
          1,
          null,
          1,
          null,
          1,
          5,
          5,
          5,
          null,
          null,
          1,
          5,
          1,
          4,
          1,
          null,
          3,
          null,
          null,
          null,
          1,
          1,
          6,
          3,
          null,
          null,
          null,
          1,
          1,
          null,
          null,
          1,
          1,
          null,
          null,
          1,
          4,
          null,
          null,
          1,
          1,
          1,
          null,
          null
        ]
      },
      "/Users/devlin/Desktop/turing_work/2mod/little_shop/spec/models/transaction_spec.rb": {
        "lines": [
          1,
          null,
          1,
          1,
          2,
          null,
          null,
          1,
          2,
          2,
          null,
          null,
          1,
          1,
          1,
          null,
          null,
          null
        ]
      },
      "/Users/devlin/Desktop/turing_work/2mod/little_shop/app/models/transaction.rb": {
        "lines": [
          1,
          1,
          null,
          1,
          null
        ]
      }
    },
    "timestamp": 1730855846
  }
}
